<?xml version="1.0" encoding="UTF-8"?>
<!-- Generated by org.testng.reporters.JUnitReportReporter -->
<testsuite hostname="DESKTOP-DSSFANV" failures="0" tests="2" name="automation.testsuite.Day12_Homework" time="6.424" errors="0" timestamp="2024-08-12T21:03:02 ICT" skipped="0">
  <testcase classname="automation.testsuite.Day12_Homework" name="case2_CheckRadioSuccessfully" time="3.435"/>
  <system-out/>
  <testcase classname="automation.testsuite.Day12_Homework" name="case1_Dropdownlist" time="2.989"/>
  <system-out/>
</testsuite> <!-- automation.testsuite.Day12_Homework -->
