<?xml version="1.0" encoding="UTF-8"?>
<!-- Generated by org.testng.reporters.JUnitReportReporter -->
<testsuite hostname="DESKTOP-DSSFANV" failures="0" tests="4" name="automation.testsuite.LoginTest" time="235.372" errors="0" timestamp="2024-08-18T21:21:59 ICT" skipped="0">
  <testcase classname="automation.testsuite.LoginTest" name="loginFail_UsernameNotExist" time="62.453"/>
  <system-out/>
  <testcase classname="automation.testsuite.LoginTest" name="loginFail_LeaveBlank" time="43.462"/>
  <system-out/>
  <testcase classname="automation.testsuite.LoginTest" name="loginFail_PasswordInvalid" time="65.244"/>
  <system-out/>
  <testcase classname="automation.testsuite.LoginTest" name="loginSuccessfully" time="64.213"/>
  <system-out/>
</testsuite> <!-- automation.testsuite.LoginTest -->
