<?xml version="1.0" encoding="UTF-8"?>
<!-- Generated by org.testng.reporters.JUnitReportReporter -->
<testsuite hostname="DESKTOP-DSSFANV" failures="0" tests="4" name="automation.testsuite.Day12_Checkbox" time="10.313" errors="0" timestamp="2024-08-11T20:27:28 ICT" skipped="0">
  <testcase classname="automation.testsuite.Day12_Checkbox" name="case1_CheckMultileCheckboxSuccessfully" time="2.463"/>
  <system-out/>
  <testcase classname="automation.testsuite.Day12_Checkbox" name="case2_CheckMultileCheckboxSuccessfully" time="3.049"/>
  <system-out/>
  <testcase classname="automation.testsuite.Day12_Checkbox" name="case1_CheckDefaultValue" time="2.811"/>
  <system-out/>
  <testcase classname="automation.testsuite.Day12_Checkbox" name="case2_CheckThisCheckboxSuccessfully" time="1.990"/>
  <system-out/>
</testsuite> <!-- automation.testsuite.Day12_Checkbox -->
