<?xml version="1.0" encoding="UTF-8"?>
<!-- Generated by org.testng.reporters.JUnitReportReporter -->
<testsuite hostname="DESKTOP-DSSFANV" failures="0" tests="1" name="automation.testsuite.Day12_Dropdownlist" time="4.451" errors="0" timestamp="2024-08-11T21:26:04 ICT" skipped="0">
  <testcase classname="automation.testsuite.Day12_Dropdownlist" name="case1_Dropdownlist" time="4.451"/>
  <system-out/>
</testsuite> <!-- automation.testsuite.Day12_Dropdownlist -->
