<?xml version="1.0" encoding="UTF-8"?>
<!-- Generated by org.testng.reporters.JUnitReportReporter -->
<testsuite hostname="DESKTOP-DSSFANV" failures="0" tests="3" name="automation.testsuite.Day15_UpdatePasswordTest" time="26.938" errors="0" timestamp="2024-09-15T21:09:28 ICT" skipped="0">
  <testcase classname="automation.testsuite.Day15_UpdatePasswordTest" name="updatePasswordSuccessfully" time="6.793"/>
  <system-out/>
  <testcase classname="automation.testsuite.Day15_UpdatePasswordTest" name="updatePasswordSuccessfully" time="10.320"/>
  <system-out/>
  <testcase classname="automation.testsuite.Day15_UpdatePasswordTest" name="updatePasswordSuccessfully" time="9.825"/>
  <system-out/>
</testsuite> <!-- automation.testsuite.Day15_UpdatePasswordTest -->
