<?xml version="1.0" encoding="UTF-8"?>
<!-- Generated by org.testng.reporters.JUnitReportReporter -->
<testsuite hostname="DESKTOP-DSSFANV" failures="0" tests="1" name="automation.testsuite.LoginTestFactory" time="20.049" errors="0" timestamp="2024-08-24T20:17:50 ICT" skipped="0">
  <testcase classname="automation.testsuite.LoginTestFactory" name="logoutSuccessfully" time="20.049"/>
  <system-out/>
</testsuite> <!-- automation.testsuite.LoginTestFactory -->
