<?xml version="1.0" encoding="UTF-8"?>
<!-- Generated by org.testng.reporters.JUnitReportReporter -->
<testsuite hostname="DESKTOP-DSSFANV" failures="0" tests="2" name="automation.testsuite.Day12_RadioButton" time="19.874" errors="0" timestamp="2024-08-11T20:56:44 ICT" skipped="0">
  <testcase classname="automation.testsuite.Day12_RadioButton" name="case1_CheckDefaultValue" time="1.824"/>
  <system-out/>
  <testcase classname="automation.testsuite.Day12_RadioButton" name="case2_CheckRadioSuccessfully" time="18.050"/>
  <system-out/>
</testsuite> <!-- automation.testsuite.Day12_RadioButton -->
