<?xml version="1.0" encoding="UTF-8"?>
<!-- Generated by org.testng.reporters.JUnitReportReporter -->
<testsuite hostname="DESKTOP-DSSFANV" failures="0" tests="2" name="automation.testsuite.Day17_BTVN" time="31.405" errors="0" timestamp="2024-09-14T16:46:10 ICT" skipped="0">
  <testcase classname="automation.testsuite.Day17_BTVN" name="handleChatMessenger" time="18.987"/>
  <system-out/>
  <testcase classname="automation.testsuite.Day17_BTVN" name="handleIframeChatZalo" time="12.418"/>
  <system-out/>
</testsuite> <!-- automation.testsuite.Day17_BTVN -->
